<?xml version="1.0" encoding="UTF-8"?>
<!-- Generated by org.testng.reporters.JUnitReportReporter -->
<testsuite hostname="EXELOGICL012" name="foo.AppTest" tests="1" failures="0" timestamp="3 Dec 2013 09:11:16 GMT" time="13.867" errors="0">
  <testcase name="googleConvertor" time="13.867" classname="foo.AppTest"/>
</testsuite> <!-- foo.AppTest -->
